<?xml version="1.0" encoding="UTF-8"?>
<coverage generated="1575475467946" clover="3.2.0">
  <project timestamp="1575475467946" name="All files">
    <metrics statements="162" coveredstatements="120" conditionals="72" coveredconditionals="46" methods="28" coveredmethods="22" elements="262" coveredelements="188" complexity="0" loc="162" ncloc="162" packages="6" files="9" classes="9"/>
    <package name="algorithms.sorting">
      <metrics statements="43" coveredstatements="43" conditionals="16" coveredconditionals="16" methods="4" coveredmethods="4"/>
      <file name="BubbleSort.js" path="C:\Jatin\Experiments\ds-algo\algorithms\sorting\BubbleSort.js">
        <metrics statements="8" coveredstatements="8" conditionals="2" coveredconditionals="2" methods="1" coveredmethods="1"/>
        <line num="20" count="5" type="stmt"/>
        <line num="22" count="5" type="stmt"/>
        <line num="24" count="22011" type="stmt"/>
        <line num="29" count="202011056" type="cond" truecount="2" falsecount="0"/>
        <line num="31" count="99692239" type="stmt"/>
        <line num="32" count="99692239" type="stmt"/>
        <line num="33" count="99692239" type="stmt"/>
        <line num="38" count="5" type="stmt"/>
      </file>
      <file name="MergeSort.js" path="C:\Jatin\Experiments\ds-algo\algorithms\sorting\MergeSort.js">
        <metrics statements="24" coveredstatements="24" conditionals="12" coveredconditionals="12" methods="2" coveredmethods="2"/>
        <line num="21" count="44032" type="stmt"/>
        <line num="23" count="44032" type="cond" truecount="2" falsecount="0"/>
        <line num="24" count="22013" type="stmt"/>
        <line num="26" count="22013" type="stmt"/>
        <line num="27" count="22013" type="stmt"/>
        <line num="29" count="22013" type="stmt"/>
        <line num="31" count="22019" type="stmt"/>
        <line num="47" count="22013" type="stmt"/>
        <line num="48" count="22013" type="stmt"/>
        <line num="49" count="22013" type="stmt"/>
        <line num="50" count="22013" type="cond" truecount="2" falsecount="0"/>
        <line num="52" count="309238" type="cond" truecount="4" falsecount="0"/>
        <line num="53" count="271915" type="cond" truecount="2" falsecount="0"/>
        <line num="54" count="143571" type="stmt"/>
        <line num="55" count="143571" type="stmt"/>
        <line num="57" count="128344" type="stmt"/>
        <line num="58" count="128344" type="stmt"/>
        <line num="60" count="37323" type="cond" truecount="2" falsecount="0"/>
        <line num="61" count="21760" type="stmt"/>
        <line num="62" count="21760" type="stmt"/>
        <line num="64" count="15563" type="stmt"/>
        <line num="65" count="15563" type="stmt"/>
        <line num="70" count="22013" type="stmt"/>
        <line num="74" count="1" type="stmt"/>
      </file>
      <file name="SelectionSort.js" path="C:\Jatin\Experiments\ds-algo\algorithms\sorting\SelectionSort.js">
        <metrics statements="11" coveredstatements="11" conditionals="2" coveredconditionals="2" methods="1" coveredmethods="1"/>
        <line num="18" count="5" type="stmt"/>
        <line num="23" count="22007" type="stmt"/>
        <line num="24" count="22007" type="stmt"/>
        <line num="25" count="22007" type="stmt"/>
        <line num="26" count="201989045" type="cond" truecount="2" falsecount="0"/>
        <line num="27" count="126125" type="stmt"/>
        <line num="28" count="126125" type="stmt"/>
        <line num="35" count="22007" type="stmt"/>
        <line num="36" count="22007" type="stmt"/>
        <line num="37" count="22007" type="stmt"/>
        <line num="39" count="5" type="stmt"/>
      </file>
    </package>
    <package name="algorithms.sorting.__tests__">
      <metrics statements="2" coveredstatements="2" conditionals="0" coveredconditionals="0" methods="0" coveredmethods="0"/>
      <file name="SortingTestCases.js" path="C:\Jatin\Experiments\ds-algo\algorithms\sorting\__tests__\SortingTestCases.js">
        <metrics statements="2" coveredstatements="2" conditionals="0" coveredconditionals="0" methods="0" coveredmethods="0"/>
        <line num="6" count="1" type="stmt"/>
        <line num="14" count="1" type="stmt"/>
      </file>
    </package>
    <package name="algorithms.trees.BST">
      <metrics statements="12" coveredstatements="12" conditionals="4" coveredconditionals="4" methods="1" coveredmethods="1"/>
      <file name="LevelOrder.js" path="C:\Jatin\Experiments\ds-algo\algorithms\trees\BST\LevelOrder.js">
        <metrics statements="12" coveredstatements="12" conditionals="4" coveredconditionals="4" methods="1" coveredmethods="1"/>
        <line num="13" count="1" type="stmt"/>
        <line num="15" count="1" type="stmt"/>
        <line num="17" count="1" type="stmt"/>
        <line num="20" count="1" type="stmt"/>
        <line num="22" count="1" type="stmt"/>
        <line num="23" count="9" type="stmt"/>
        <line num="25" count="9" type="cond" truecount="2" falsecount="0"/>
        <line num="26" count="4" type="stmt"/>
        <line num="29" count="9" type="cond" truecount="2" falsecount="0"/>
        <line num="30" count="4" type="stmt"/>
        <line num="33" count="9" type="stmt"/>
        <line num="36" count="1" type="stmt"/>
      </file>
    </package>
    <package name="data-structures.Queue">
      <metrics statements="17" coveredstatements="15" conditionals="4" coveredconditionals="2" methods="6" coveredmethods="6"/>
      <file name="Queue.js" path="C:\Jatin\Experiments\ds-algo\data-structures\Queue\Queue.js">
        <metrics statements="17" coveredstatements="15" conditionals="4" coveredconditionals="2" methods="6" coveredmethods="6"/>
        <line num="9" count="6" type="stmt"/>
        <line num="10" count="6" type="stmt"/>
        <line num="11" count="6" type="stmt"/>
        <line num="13" count="6" type="stmt"/>
        <line num="17" count="30" type="stmt"/>
        <line num="18" count="30" type="stmt"/>
        <line num="19" count="30" type="stmt"/>
        <line num="23" count="16" type="cond" truecount="1" falsecount="1"/>
        <line num="24" count="0" type="stmt"/>
        <line num="26" count="16" type="stmt"/>
        <line num="27" count="16" type="stmt"/>
        <line num="28" count="16" type="stmt"/>
        <line num="32" count="22" type="stmt"/>
        <line num="36" count="11" type="cond" truecount="1" falsecount="1"/>
        <line num="37" count="0" type="stmt"/>
        <line num="39" count="11" type="stmt"/>
        <line num="44" count="1" type="stmt"/>
      </file>
    </package>
    <package name="data-structures.Trees">
      <metrics statements="82" coveredstatements="42" conditionals="48" coveredconditionals="24" methods="16" coveredmethods="10"/>
      <file name="BSTree.js" path="C:\Jatin\Experiments\ds-algo\data-structures\Trees\BSTree.js">
        <metrics statements="74" coveredstatements="36" conditionals="42" coveredconditionals="20" methods="14" coveredmethods="8"/>
        <line num="10" count="102" type="cond" truecount="2" falsecount="0"/>
        <line num="11" count="44" type="stmt"/>
        <line num="13" count="58" type="stmt"/>
        <line num="19" count="58" type="stmt"/>
        <line num="24" count="44" type="stmt"/>
        <line num="34" count="51" type="stmt"/>
        <line num="36" count="51" type="cond" truecount="2" falsecount="0"/>
        <line num="38" count="22" type="cond" truecount="2" falsecount="0"/>
        <line num="39" count="13" type="stmt"/>
        <line num="40" count="13" type="stmt"/>
        <line num="42" count="9" type="stmt"/>
        <line num="47" count="29" type="cond" truecount="2" falsecount="0"/>
        <line num="48" count="14" type="stmt"/>
        <line num="49" count="14" type="stmt"/>
        <line num="51" count="15" type="stmt"/>
        <line num="54" count="24" type="stmt"/>
        <line num="65" count="3" type="stmt"/>
        <line num="66" count="23" type="stmt"/>
        <line num="88" count="0" type="cond" truecount="0" falsecount="1"/>
        <line num="90" count="0" type="stmt"/>
        <line num="97" count="0" type="stmt"/>
        <line num="98" count="0" type="stmt"/>
        <line num="99" count="0" type="stmt"/>
        <line num="101" count="0" type="stmt"/>
        <line num="108" count="0" type="stmt"/>
        <line num="109" count="0" type="stmt"/>
        <line num="110" count="0" type="stmt"/>
        <line num="111" count="0" type="cond" truecount="0" falsecount="2"/>
        <line num="112" count="0" type="stmt"/>
        <line num="114" count="0" type="stmt"/>
        <line num="115" count="0" type="cond" truecount="0" falsecount="2"/>
        <line num="116" count="0" type="stmt"/>
        <line num="118" count="0" type="stmt"/>
        <line num="136" count="4" type="cond" truecount="1" falsecount="1"/>
        <line num="137" count="0" type="cond" truecount="0" falsecount="2"/>
        <line num="138" count="0" type="stmt"/>
        <line num="139" count="0" type="stmt"/>
        <line num="142" count="0" type="stmt"/>
        <line num="143" count="4" type="cond" truecount="2" falsecount="0"/>
        <line num="144" count="3" type="cond" truecount="1" falsecount="1"/>
        <line num="145" count="3" type="stmt"/>
        <line num="146" count="3" type="stmt"/>
        <line num="148" count="3" type="stmt"/>
        <line num="151" count="1" type="cond" truecount="1" falsecount="1"/>
        <line num="153" count="1" type="cond" truecount="1" falsecount="1"/>
        <line num="155" count="1" type="stmt"/>
        <line num="156" count="0" type="cond" truecount="0" falsecount="2"/>
        <line num="158" count="0" type="stmt"/>
        <line num="160" count="0" type="cond" truecount="0" falsecount="2"/>
        <line num="162" count="0" type="stmt"/>
        <line num="164" count="0" type="stmt"/>
        <line num="165" count="0" type="stmt"/>
        <line num="166" count="0" type="stmt"/>
        <line num="167" count="0" type="stmt"/>
        <line num="168" count="0" type="stmt"/>
        <line num="169" count="0" type="stmt"/>
        <line num="182" count="0" type="cond" truecount="0" falsecount="2"/>
        <line num="183" count="0" type="stmt"/>
        <line num="186" count="0" type="stmt"/>
        <line num="187" count="0" type="stmt"/>
        <line num="196" count="0" type="cond" truecount="0" falsecount="2"/>
        <line num="197" count="0" type="stmt"/>
        <line num="200" count="0" type="stmt"/>
        <line num="201" count="0" type="stmt"/>
        <line num="206" count="19" type="stmt"/>
        <line num="209" count="19" type="stmt"/>
        <line num="211" count="19" type="cond" truecount="2" falsecount="0"/>
        <line num="213" count="19" type="cond" truecount="2" falsecount="0"/>
        <line num="215" count="19" type="stmt"/>
        <line num="226" count="1" type="cond" truecount="1" falsecount="1"/>
        <line num="227" count="0" type="stmt"/>
        <line num="230" count="1" type="stmt"/>
        <line num="232" count="1" type="stmt"/>
        <line num="233" count="1" type="stmt"/>
      </file>
      <file name="BTreeNode.js" path="C:\Jatin\Experiments\ds-algo\data-structures\Trees\BTreeNode.js">
        <metrics statements="8" coveredstatements="6" conditionals="6" coveredconditionals="4" methods="2" coveredmethods="2"/>
        <line num="3" count="59" type="cond" truecount="1" falsecount="1"/>
        <line num="4" count="0" type="stmt"/>
        <line num="6" count="59" type="stmt"/>
        <line num="7" count="59" type="stmt"/>
        <line num="8" count="59" type="stmt"/>
        <line num="18" count="1" type="cond" truecount="3" falsecount="1"/>
        <line num="19" count="0" type="stmt"/>
        <line num="21" count="1" type="stmt"/>
      </file>
    </package>
    <package name="utils">
      <metrics statements="6" coveredstatements="6" conditionals="0" coveredconditionals="0" methods="1" coveredmethods="1"/>
      <file name="index.js" path="C:\Jatin\Experiments\ds-algo\utils\index.js">
        <metrics statements="6" coveredstatements="6" conditionals="0" coveredconditionals="0" methods="1" coveredmethods="1"/>
        <line num="1" count="2" type="stmt"/>
        <line num="2" count="3" type="stmt"/>
        <line num="3" count="3" type="stmt"/>
        <line num="4" count="20011" type="stmt"/>
        <line num="5" count="20011" type="stmt"/>
        <line num="8" count="3" type="stmt"/>
      </file>
    </package>
  </project>
</coverage>
