{"C:\\Jatin\\Experiments\\ds-algo\\algorithms\\sorting\\BubbleSort.js": {"path":"C:\\Jatin\\Experiments\\ds-algo\\algorithms\\sorting\\BubbleSort.js","statementMap":{"0":{"start":{"line":20,"column":15},"end":{"line":20,"column":26}},"1":{"start":{"line":22,"column":5},"end":{"line":36,"column":6}},"2":{"start":{"line":22,"column":18},"end":{"line":22,"column":19}},"3":{"start":{"line":24,"column":8},"end":{"line":35,"column":10}},"4":{"start":{"line":24,"column":20},"end":{"line":24,"column":23}},"5":{"start":{"line":29,"column":12},"end":{"line":34,"column":13}},"6":{"start":{"line":31,"column":29},"end":{"line":31,"column":38}},"7":{"start":{"line":32,"column":16},"end":{"line":32,"column":40}},"8":{"start":{"line":33,"column":16},"end":{"line":33,"column":37}},"9":{"start":{"line":38,"column":5},"end":{"line":38,"column":17}}},"fnMap":{"0":{"name":"BubbleSort","decl":{"start":{"line":8,"column":24},"end":{"line":8,"column":34}},"loc":{"start":{"line":8,"column":40},"end":{"line":40,"column":1}},"line":8}},"branchMap":{"0":{"loc":{"start":{"line":29,"column":12},"end":{"line":34,"column":13}},"type":"if","locations":[{"start":{"line":29,"column":12},"end":{"line":34,"column":13}},{"start":{"line":29,"column":12},"end":{"line":34,"column":13}}],"line":29}},"s":{"0":5,"1":5,"2":5,"3":22011,"4":22011,"5":202011056,"6":99692239,"7":99692239,"8":99692239,"9":5},"f":{"0":5},"b":{"0":[99692239,102318817]},"_coverageSchema":"43e27e138ebf9cfc5966b082cf9a028302ed4184","hash":"e1b20e9c6689db44724f42bcea45306a17468574"}
,"C:\\Jatin\\Experiments\\ds-algo\\algorithms\\sorting\\MergeSort.js": {"path":"C:\\Jatin\\Experiments\\ds-algo\\algorithms\\sorting\\MergeSort.js","statementMap":{"0":{"start":{"line":21,"column":15},"end":{"line":21,"column":26}},"1":{"start":{"line":23,"column":4},"end":{"line":32,"column":5}},"2":{"start":{"line":24,"column":18},"end":{"line":24,"column":34}},"3":{"start":{"line":26,"column":19},"end":{"line":26,"column":47}},"4":{"start":{"line":27,"column":21},"end":{"line":27,"column":47}},"5":{"start":{"line":29,"column":8},"end":{"line":29,"column":40}},"6":{"start":{"line":31,"column":8},"end":{"line":31,"column":28}},"7":{"start":{"line":47,"column":17},"end":{"line":47,"column":19}},"8":{"start":{"line":48,"column":15},"end":{"line":48,"column":16}},"9":{"start":{"line":49,"column":15},"end":{"line":49,"column":16}},"10":{"start":{"line":50,"column":4},"end":{"line":68,"column":5}},"11":{"start":{"line":52,"column":8},"end":{"line":66,"column":9}},"12":{"start":{"line":53,"column":12},"end":{"line":59,"column":13}},"13":{"start":{"line":54,"column":16},"end":{"line":54,"column":42}},"14":{"start":{"line":55,"column":16},"end":{"line":55,"column":23}},"15":{"start":{"line":57,"column":16},"end":{"line":57,"column":42}},"16":{"start":{"line":58,"column":16},"end":{"line":58,"column":23}},"17":{"start":{"line":60,"column":14},"end":{"line":66,"column":9}},"18":{"start":{"line":61,"column":12},"end":{"line":61,"column":37}},"19":{"start":{"line":62,"column":12},"end":{"line":62,"column":19}},"20":{"start":{"line":64,"column":12},"end":{"line":64,"column":37}},"21":{"start":{"line":65,"column":12},"end":{"line":65,"column":19}},"22":{"start":{"line":70,"column":4},"end":{"line":70,"column":18}},"23":{"start":{"line":74,"column":0},"end":{"line":74,"column":29}}},"fnMap":{"0":{"name":"MergeSort","decl":{"start":{"line":9,"column":24},"end":{"line":9,"column":33}},"loc":{"start":{"line":9,"column":39},"end":{"line":33,"column":1}},"line":9},"1":{"name":"mergeArrays","decl":{"start":{"line":44,"column":9},"end":{"line":44,"column":20}},"loc":{"start":{"line":44,"column":36},"end":{"line":71,"column":1}},"line":44}},"branchMap":{"0":{"loc":{"start":{"line":23,"column":4},"end":{"line":32,"column":5}},"type":"if","locations":[{"start":{"line":23,"column":4},"end":{"line":32,"column":5}},{"start":{"line":23,"column":4},"end":{"line":32,"column":5}}],"line":23},"1":{"loc":{"start":{"line":50,"column":10},"end":{"line":50,"column":53}},"type":"binary-expr","locations":[{"start":{"line":50,"column":10},"end":{"line":50,"column":30}},{"start":{"line":50,"column":34},"end":{"line":50,"column":53}}],"line":50},"2":{"loc":{"start":{"line":52,"column":8},"end":{"line":66,"column":9}},"type":"if","locations":[{"start":{"line":52,"column":8},"end":{"line":66,"column":9}},{"start":{"line":52,"column":8},"end":{"line":66,"column":9}}],"line":52},"3":{"loc":{"start":{"line":52,"column":11},"end":{"line":52,"column":55}},"type":"binary-expr","locations":[{"start":{"line":52,"column":11},"end":{"line":52,"column":31}},{"start":{"line":52,"column":35},"end":{"line":52,"column":55}}],"line":52},"4":{"loc":{"start":{"line":53,"column":12},"end":{"line":59,"column":13}},"type":"if","locations":[{"start":{"line":53,"column":12},"end":{"line":59,"column":13}},{"start":{"line":53,"column":12},"end":{"line":59,"column":13}}],"line":53},"5":{"loc":{"start":{"line":60,"column":14},"end":{"line":66,"column":9}},"type":"if","locations":[{"start":{"line":60,"column":14},"end":{"line":66,"column":9}},{"start":{"line":60,"column":14},"end":{"line":66,"column":9}}],"line":60}},"s":{"0":44032,"1":44032,"2":22013,"3":22013,"4":22013,"5":22013,"6":22019,"7":22013,"8":22013,"9":22013,"10":22013,"11":309238,"12":271915,"13":143571,"14":143571,"15":128344,"16":128344,"17":37323,"18":21760,"19":21760,"20":15563,"21":15563,"22":22013,"23":1},"f":{"0":44032,"1":22013},"b":{"0":[22013,22019],"1":[331251,43773],"2":[271915,37323],"3":[309238,287478],"4":[143571,128344],"5":[21760,15563]},"_coverageSchema":"43e27e138ebf9cfc5966b082cf9a028302ed4184","hash":"78f12790ae0c1b3c9551bf630b99c278ffd4b0cb"}
,"C:\\Jatin\\Experiments\\ds-algo\\algorithms\\sorting\\SelectionSort.js": {"path":"C:\\Jatin\\Experiments\\ds-algo\\algorithms\\sorting\\SelectionSort.js","statementMap":{"0":{"start":{"line":18,"column":5},"end":{"line":38,"column":6}},"1":{"start":{"line":18,"column":17},"end":{"line":18,"column":18}},"2":{"start":{"line":23,"column":22},"end":{"line":23,"column":31}},"3":{"start":{"line":24,"column":25},"end":{"line":24,"column":28}},"4":{"start":{"line":25,"column":9},"end":{"line":30,"column":10}},"5":{"start":{"line":25,"column":25},"end":{"line":25,"column":30}},"6":{"start":{"line":26,"column":12},"end":{"line":29,"column":13}},"7":{"start":{"line":27,"column":16},"end":{"line":27,"column":39}},"8":{"start":{"line":28,"column":16},"end":{"line":28,"column":36}},"9":{"start":{"line":35,"column":20},"end":{"line":35,"column":29}},"10":{"start":{"line":36,"column":9},"end":{"line":36,"column":28}},"11":{"start":{"line":37,"column":9},"end":{"line":37,"column":32}},"12":{"start":{"line":39,"column":5},"end":{"line":39,"column":17}}},"fnMap":{"0":{"name":"SelectionSort","decl":{"start":{"line":9,"column":24},"end":{"line":9,"column":37}},"loc":{"start":{"line":9,"column":43},"end":{"line":40,"column":1}},"line":9}},"branchMap":{"0":{"loc":{"start":{"line":26,"column":12},"end":{"line":29,"column":13}},"type":"if","locations":[{"start":{"line":26,"column":12},"end":{"line":29,"column":13}},{"start":{"line":26,"column":12},"end":{"line":29,"column":13}}],"line":26}},"s":{"0":5,"1":5,"2":22007,"3":22007,"4":22007,"5":22007,"6":201989045,"7":126125,"8":126125,"9":22007,"10":22007,"11":22007,"12":5},"f":{"0":5},"b":{"0":[126125,201862920]},"_coverageSchema":"43e27e138ebf9cfc5966b082cf9a028302ed4184","hash":"4f722dcfc3c429f14767e00483d7a307695ccc9a"}
,"C:\\Jatin\\Experiments\\ds-algo\\algorithms\\sorting\\__tests__\\SortingTestCases.js": {"path":"C:\\Jatin\\Experiments\\ds-algo\\algorithms\\sorting\\__tests__\\SortingTestCases.js","statementMap":{"0":{"start":{"line":6,"column":26},"end":{"line":12,"column":1}},"1":{"start":{"line":14,"column":21},"end":{"line":26,"column":1}}},"fnMap":{},"branchMap":{},"s":{"0":1,"1":1},"f":{},"b":{},"_coverageSchema":"43e27e138ebf9cfc5966b082cf9a028302ed4184","hash":"02faf3b26f88419af4aca8988317cb0e5ef78d9a"}
,"C:\\Jatin\\Experiments\\ds-algo\\algorithms\\trees\\BST\\LevelOrder.js": {"path":"C:\\Jatin\\Experiments\\ds-algo\\algorithms\\trees\\BST\\LevelOrder.js","statementMap":{"0":{"start":{"line":13,"column":17},"end":{"line":13,"column":19}},"1":{"start":{"line":15,"column":19},"end":{"line":15,"column":30}},"2":{"start":{"line":17,"column":22},"end":{"line":17,"column":31}},"3":{"start":{"line":20,"column":4},"end":{"line":20,"column":33}},"4":{"start":{"line":22,"column":4},"end":{"line":34,"column":5}},"5":{"start":{"line":23,"column":22},"end":{"line":23,"column":36}},"6":{"start":{"line":25,"column":8},"end":{"line":27,"column":9}},"7":{"start":{"line":26,"column":12},"end":{"line":26,"column":40}},"8":{"start":{"line":29,"column":8},"end":{"line":31,"column":9}},"9":{"start":{"line":30,"column":12},"end":{"line":30,"column":41}},"10":{"start":{"line":33,"column":8},"end":{"line":33,"column":45}},"11":{"start":{"line":36,"column":4},"end":{"line":36,"column":18}}},"fnMap":{"0":{"name":"LevelOrderTraversal","decl":{"start":{"line":12,"column":16},"end":{"line":12,"column":35}},"loc":{"start":{"line":12,"column":42},"end":{"line":38,"column":1}},"line":12}},"branchMap":{"0":{"loc":{"start":{"line":25,"column":8},"end":{"line":27,"column":9}},"type":"if","locations":[{"start":{"line":25,"column":8},"end":{"line":27,"column":9}},{"start":{"line":25,"column":8},"end":{"line":27,"column":9}}],"line":25},"1":{"loc":{"start":{"line":29,"column":8},"end":{"line":31,"column":9}},"type":"if","locations":[{"start":{"line":29,"column":8},"end":{"line":31,"column":9}},{"start":{"line":29,"column":8},"end":{"line":31,"column":9}}],"line":29}},"s":{"0":1,"1":1,"2":1,"3":1,"4":1,"5":9,"6":9,"7":4,"8":9,"9":4,"10":9,"11":1},"f":{"0":1},"b":{"0":[4,5],"1":[4,5]},"_coverageSchema":"43e27e138ebf9cfc5966b082cf9a028302ed4184","hash":"bad0c54acf178fbf93cfc839fc908fdffc24da55"}
,"C:\\Jatin\\Experiments\\ds-algo\\data-structures\\Queue\\Queue.js": {"path":"C:\\Jatin\\Experiments\\ds-algo\\data-structures\\Queue\\Queue.js","statementMap":{"0":{"start":{"line":9,"column":8},"end":{"line":9,"column":24}},"1":{"start":{"line":10,"column":8},"end":{"line":10,"column":23}},"2":{"start":{"line":11,"column":8},"end":{"line":11,"column":24}},"3":{"start":{"line":13,"column":8},"end":{"line":13,"column":23}},"4":{"start":{"line":17,"column":8},"end":{"line":17,"column":31}},"5":{"start":{"line":18,"column":8},"end":{"line":18,"column":20}},"6":{"start":{"line":19,"column":8},"end":{"line":19,"column":21}},"7":{"start":{"line":23,"column":8},"end":{"line":25,"column":9}},"8":{"start":{"line":24,"column":12},"end":{"line":24,"column":50}},"9":{"start":{"line":26,"column":8},"end":{"line":26,"column":21}},"10":{"start":{"line":27,"column":8},"end":{"line":27,"column":21}},"11":{"start":{"line":28,"column":8},"end":{"line":28,"column":40}},"12":{"start":{"line":32,"column":8},"end":{"line":32,"column":38}},"13":{"start":{"line":36,"column":8},"end":{"line":38,"column":9}},"14":{"start":{"line":37,"column":12},"end":{"line":37,"column":29}},"15":{"start":{"line":39,"column":8},"end":{"line":39,"column":38}},"16":{"start":{"line":44,"column":8},"end":{"line":44,"column":57}}},"fnMap":{"0":{"name":"(anonymous_0)","decl":{"start":{"line":7,"column":4},"end":{"line":7,"column":5}},"loc":{"start":{"line":7,"column":17},"end":{"line":14,"column":5}},"line":7},"1":{"name":"(anonymous_1)","decl":{"start":{"line":16,"column":4},"end":{"line":16,"column":5}},"loc":{"start":{"line":16,"column":18},"end":{"line":20,"column":5}},"line":16},"2":{"name":"(anonymous_2)","decl":{"start":{"line":22,"column":4},"end":{"line":22,"column":5}},"loc":{"start":{"line":22,"column":13},"end":{"line":29,"column":5}},"line":22},"3":{"name":"(anonymous_3)","decl":{"start":{"line":31,"column":4},"end":{"line":31,"column":5}},"loc":{"start":{"line":31,"column":13},"end":{"line":33,"column":5}},"line":31},"4":{"name":"(anonymous_4)","decl":{"start":{"line":35,"column":4},"end":{"line":35,"column":5}},"loc":{"start":{"line":35,"column":10},"end":{"line":40,"column":5}},"line":35},"5":{"name":"(anonymous_5)","decl":{"start":{"line":43,"column":4},"end":{"line":43,"column":5}},"loc":{"start":{"line":43,"column":13},"end":{"line":45,"column":5}},"line":43}},"branchMap":{"0":{"loc":{"start":{"line":23,"column":8},"end":{"line":25,"column":9}},"type":"if","locations":[{"start":{"line":23,"column":8},"end":{"line":25,"column":9}},{"start":{"line":23,"column":8},"end":{"line":25,"column":9}}],"line":23},"1":{"loc":{"start":{"line":36,"column":8},"end":{"line":38,"column":9}},"type":"if","locations":[{"start":{"line":36,"column":8},"end":{"line":38,"column":9}},{"start":{"line":36,"column":8},"end":{"line":38,"column":9}}],"line":36}},"s":{"0":6,"1":6,"2":6,"3":6,"4":30,"5":30,"6":30,"7":16,"8":0,"9":16,"10":16,"11":16,"12":22,"13":11,"14":0,"15":11,"16":1},"f":{"0":6,"1":30,"2":16,"3":22,"4":11,"5":1},"b":{"0":[0,16],"1":[0,11]},"_coverageSchema":"43e27e138ebf9cfc5966b082cf9a028302ed4184","hash":"822a747847b473539866bc801ff455cefb39ef2d"}
,"C:\\Jatin\\Experiments\\ds-algo\\data-structures\\Trees\\BSTree.js": {"path":"C:\\Jatin\\Experiments\\ds-algo\\data-structures\\Trees\\BSTree.js","statementMap":{"0":{"start":{"line":10,"column":8},"end":{"line":14,"column":9}},"1":{"start":{"line":11,"column":12},"end":{"line":11,"column":39}},"2":{"start":{"line":13,"column":12},"end":{"line":13,"column":47}},"3":{"start":{"line":19,"column":8},"end":{"line":19,"column":36}},"4":{"start":{"line":24,"column":8},"end":{"line":24,"column":25}},"5":{"start":{"line":34,"column":23},"end":{"line":34,"column":40}},"6":{"start":{"line":36,"column":8},"end":{"line":52,"column":9}},"7":{"start":{"line":38,"column":12},"end":{"line":43,"column":13}},"8":{"start":{"line":39,"column":16},"end":{"line":39,"column":46}},"9":{"start":{"line":40,"column":16},"end":{"line":40,"column":23}},"10":{"start":{"line":42,"column":16},"end":{"line":42,"column":52}},"11":{"start":{"line":47,"column":12},"end":{"line":50,"column":13}},"12":{"start":{"line":48,"column":16},"end":{"line":48,"column":47}},"13":{"start":{"line":49,"column":16},"end":{"line":49,"column":23}},"14":{"start":{"line":51,"column":12},"end":{"line":51,"column":49}},"15":{"start":{"line":54,"column":8},"end":{"line":54,"column":38}},"16":{"start":{"line":65,"column":8},"end":{"line":67,"column":9}},"17":{"start":{"line":65,"column":24},"end":{"line":65,"column":25}},"18":{"start":{"line":66,"column":12},"end":{"line":66,"column":46}},"19":{"start":{"line":88,"column":8},"end":{"line":91,"column":9}},"20":{"start":{"line":90,"column":16},"end":{"line":90,"column":32}},"21":{"start":{"line":97,"column":21},"end":{"line":97,"column":23}},"22":{"start":{"line":98,"column":29},"end":{"line":98,"column":31}},"23":{"start":{"line":99,"column":27},"end":{"line":99,"column":60}},"24":{"start":{"line":101,"column":8},"end":{"line":101,"column":37}},"25":{"start":{"line":108,"column":21},"end":{"line":108,"column":23}},"26":{"start":{"line":109,"column":8},"end":{"line":109,"column":44}},"27":{"start":{"line":110,"column":8},"end":{"line":110,"column":26}},"28":{"start":{"line":111,"column":8},"end":{"line":113,"column":9}},"29":{"start":{"line":112,"column":12},"end":{"line":112,"column":69}},"30":{"start":{"line":114,"column":8},"end":{"line":114,"column":37}},"31":{"start":{"line":115,"column":8},"end":{"line":117,"column":9}},"32":{"start":{"line":116,"column":12},"end":{"line":116,"column":70}},"33":{"start":{"line":118,"column":8},"end":{"line":118,"column":22}},"34":{"start":{"line":136,"column":8},"end":{"line":149,"column":9}},"35":{"start":{"line":137,"column":12},"end":{"line":141,"column":13}},"36":{"start":{"line":138,"column":16},"end":{"line":138,"column":52}},"37":{"start":{"line":139,"column":16},"end":{"line":139,"column":66}},"38":{"start":{"line":142,"column":12},"end":{"line":142,"column":29}},"39":{"start":{"line":143,"column":15},"end":{"line":149,"column":9}},"40":{"start":{"line":144,"column":12},"end":{"line":147,"column":13}},"41":{"start":{"line":145,"column":16},"end":{"line":145,"column":54}},"42":{"start":{"line":146,"column":16},"end":{"line":146,"column":67}},"43":{"start":{"line":148,"column":12},"end":{"line":148,"column":29}},"44":{"start":{"line":151,"column":8},"end":{"line":171,"column":9}},"45":{"start":{"line":153,"column":12},"end":{"line":170,"column":13}},"46":{"start":{"line":155,"column":16},"end":{"line":155,"column":28}},"47":{"start":{"line":156,"column":18},"end":{"line":170,"column":13}},"48":{"start":{"line":158,"column":16},"end":{"line":158,"column":39}},"49":{"start":{"line":160,"column":18},"end":{"line":170,"column":13}},"50":{"start":{"line":162,"column":16},"end":{"line":162,"column":38}},"51":{"start":{"line":164,"column":16},"end":{"line":164,"column":55}},"52":{"start":{"line":165,"column":16},"end":{"line":165,"column":43}},"53":{"start":{"line":166,"column":16},"end":{"line":166,"column":45}},"54":{"start":{"line":167,"column":35},"end":{"line":167,"column":61}},"55":{"start":{"line":168,"column":16},"end":{"line":168,"column":48}},"56":{"start":{"line":169,"column":16},"end":{"line":169,"column":33}},"57":{"start":{"line":182,"column":8},"end":{"line":184,"column":9}},"58":{"start":{"line":183,"column":12},"end":{"line":183,"column":29}},"59":{"start":{"line":186,"column":23},"end":{"line":186,"column":45}},"60":{"start":{"line":187,"column":8},"end":{"line":187,"column":37}},"61":{"start":{"line":196,"column":8},"end":{"line":198,"column":9}},"62":{"start":{"line":197,"column":12},"end":{"line":197,"column":29}},"63":{"start":{"line":200,"column":23},"end":{"line":200,"column":49}},"64":{"start":{"line":201,"column":8},"end":{"line":201,"column":35}},"65":{"start":{"line":206,"column":23},"end":{"line":206,"column":25}},"66":{"start":{"line":209,"column":8},"end":{"line":209,"column":41}},"67":{"start":{"line":211,"column":8},"end":{"line":211,"column":95}},"68":{"start":{"line":213,"column":8},"end":{"line":213,"column":97}},"69":{"start":{"line":215,"column":8},"end":{"line":215,"column":23}},"70":{"start":{"line":226,"column":8},"end":{"line":228,"column":9}},"71":{"start":{"line":227,"column":12},"end":{"line":227,"column":65}},"72":{"start":{"line":230,"column":25},"end":{"line":230,"column":45}},"73":{"start":{"line":232,"column":8},"end":{"line":232,"column":46}},"74":{"start":{"line":233,"column":8},"end":{"line":233,"column":26}}},"fnMap":{"0":{"name":"(anonymous_0)","decl":{"start":{"line":8,"column":4},"end":{"line":8,"column":5}},"loc":{"start":{"line":8,"column":22},"end":{"line":15,"column":5}},"line":8},"1":{"name":"(anonymous_1)","decl":{"start":{"line":18,"column":4},"end":{"line":18,"column":5}},"loc":{"start":{"line":18,"column":21},"end":{"line":20,"column":5}},"line":18},"2":{"name":"(anonymous_2)","decl":{"start":{"line":22,"column":4},"end":{"line":22,"column":5}},"loc":{"start":{"line":22,"column":24},"end":{"line":25,"column":5}},"line":22},"3":{"name":"(anonymous_3)","decl":{"start":{"line":31,"column":4},"end":{"line":31,"column":5}},"loc":{"start":{"line":31,"column":18},"end":{"line":55,"column":5}},"line":31},"4":{"name":"(anonymous_4)","decl":{"start":{"line":64,"column":4},"end":{"line":64,"column":5}},"loc":{"start":{"line":64,"column":43},"end":{"line":68,"column":5}},"line":64},"5":{"name":"(anonymous_5)","decl":{"start":{"line":77,"column":4},"end":{"line":77,"column":5}},"loc":{"start":{"line":77,"column":17},"end":{"line":79,"column":5}},"line":77},"6":{"name":"(anonymous_6)","decl":{"start":{"line":87,"column":4},"end":{"line":87,"column":5}},"loc":{"start":{"line":87,"column":20},"end":{"line":92,"column":5}},"line":87},"7":{"name":"(anonymous_7)","decl":{"start":{"line":95,"column":4},"end":{"line":95,"column":5}},"loc":{"start":{"line":95,"column":21},"end":{"line":104,"column":5}},"line":95},"8":{"name":"(anonymous_8)","decl":{"start":{"line":107,"column":4},"end":{"line":107,"column":5}},"loc":{"start":{"line":107,"column":13},"end":{"line":119,"column":5}},"line":107},"9":{"name":"(anonymous_9)","decl":{"start":{"line":132,"column":4},"end":{"line":132,"column":5}},"loc":{"start":{"line":132,"column":28},"end":{"line":172,"column":5}},"line":132},"10":{"name":"(anonymous_10)","decl":{"start":{"line":181,"column":4},"end":{"line":181,"column":5}},"loc":{"start":{"line":181,"column":17},"end":{"line":188,"column":5}},"line":181},"11":{"name":"(anonymous_11)","decl":{"start":{"line":195,"column":4},"end":{"line":195,"column":5}},"loc":{"start":{"line":195,"column":15},"end":{"line":202,"column":5}},"line":195},"12":{"name":"(anonymous_12)","decl":{"start":{"line":205,"column":4},"end":{"line":205,"column":5}},"loc":{"start":{"line":205,"column":29},"end":{"line":216,"column":5}},"line":205},"13":{"name":"(anonymous_13)","decl":{"start":{"line":225,"column":4},"end":{"line":225,"column":5}},"loc":{"start":{"line":225,"column":37},"end":{"line":234,"column":5}},"line":225}},"branchMap":{"0":{"loc":{"start":{"line":10,"column":8},"end":{"line":14,"column":9}},"type":"if","locations":[{"start":{"line":10,"column":8},"end":{"line":14,"column":9}},{"start":{"line":10,"column":8},"end":{"line":14,"column":9}}],"line":10},"1":{"loc":{"start":{"line":36,"column":8},"end":{"line":52,"column":9}},"type":"if","locations":[{"start":{"line":36,"column":8},"end":{"line":52,"column":9}},{"start":{"line":36,"column":8},"end":{"line":52,"column":9}}],"line":36},"2":{"loc":{"start":{"line":38,"column":12},"end":{"line":43,"column":13}},"type":"if","locations":[{"start":{"line":38,"column":12},"end":{"line":43,"column":13}},{"start":{"line":38,"column":12},"end":{"line":43,"column":13}}],"line":38},"3":{"loc":{"start":{"line":47,"column":12},"end":{"line":50,"column":13}},"type":"if","locations":[{"start":{"line":47,"column":12},"end":{"line":50,"column":13}},{"start":{"line":47,"column":12},"end":{"line":50,"column":13}}],"line":47},"4":{"loc":{"start":{"line":64,"column":28},"end":{"line":64,"column":42}},"type":"default-arg","locations":[{"start":{"line":64,"column":37},"end":{"line":64,"column":42}}],"line":64},"5":{"loc":{"start":{"line":87,"column":10},"end":{"line":87,"column":19}},"type":"default-arg","locations":[{"start":{"line":87,"column":15},"end":{"line":87,"column":19}}],"line":87},"6":{"loc":{"start":{"line":88,"column":8},"end":{"line":91,"column":9}},"type":"switch","locations":[{"start":{"line":89,"column":12},"end":{"line":90,"column":32}}],"line":88},"7":{"loc":{"start":{"line":95,"column":13},"end":{"line":95,"column":20}},"type":"default-arg","locations":[{"start":{"line":95,"column":19},"end":{"line":95,"column":20}}],"line":95},"8":{"loc":{"start":{"line":111,"column":8},"end":{"line":113,"column":9}},"type":"if","locations":[{"start":{"line":111,"column":8},"end":{"line":113,"column":9}},{"start":{"line":111,"column":8},"end":{"line":113,"column":9}}],"line":111},"9":{"loc":{"start":{"line":115,"column":8},"end":{"line":117,"column":9}},"type":"if","locations":[{"start":{"line":115,"column":8},"end":{"line":117,"column":9}},{"start":{"line":115,"column":8},"end":{"line":117,"column":9}}],"line":115},"10":{"loc":{"start":{"line":136,"column":8},"end":{"line":149,"column":9}},"type":"if","locations":[{"start":{"line":136,"column":8},"end":{"line":149,"column":9}},{"start":{"line":136,"column":8},"end":{"line":149,"column":9}}],"line":136},"11":{"loc":{"start":{"line":137,"column":12},"end":{"line":141,"column":13}},"type":"if","locations":[{"start":{"line":137,"column":12},"end":{"line":141,"column":13}},{"start":{"line":137,"column":12},"end":{"line":141,"column":13}}],"line":137},"12":{"loc":{"start":{"line":143,"column":15},"end":{"line":149,"column":9}},"type":"if","locations":[{"start":{"line":143,"column":15},"end":{"line":149,"column":9}},{"start":{"line":143,"column":15},"end":{"line":149,"column":9}}],"line":143},"13":{"loc":{"start":{"line":144,"column":12},"end":{"line":147,"column":13}},"type":"if","locations":[{"start":{"line":144,"column":12},"end":{"line":147,"column":13}},{"start":{"line":144,"column":12},"end":{"line":147,"column":13}}],"line":144},"14":{"loc":{"start":{"line":151,"column":8},"end":{"line":171,"column":9}},"type":"if","locations":[{"start":{"line":151,"column":8},"end":{"line":171,"column":9}},{"start":{"line":151,"column":8},"end":{"line":171,"column":9}}],"line":151},"15":{"loc":{"start":{"line":153,"column":12},"end":{"line":170,"column":13}},"type":"if","locations":[{"start":{"line":153,"column":12},"end":{"line":170,"column":13}},{"start":{"line":153,"column":12},"end":{"line":170,"column":13}}],"line":153},"16":{"loc":{"start":{"line":156,"column":18},"end":{"line":170,"column":13}},"type":"if","locations":[{"start":{"line":156,"column":18},"end":{"line":170,"column":13}},{"start":{"line":156,"column":18},"end":{"line":170,"column":13}}],"line":156},"17":{"loc":{"start":{"line":160,"column":18},"end":{"line":170,"column":13}},"type":"if","locations":[{"start":{"line":160,"column":18},"end":{"line":170,"column":13}},{"start":{"line":160,"column":18},"end":{"line":170,"column":13}}],"line":160},"18":{"loc":{"start":{"line":182,"column":8},"end":{"line":184,"column":9}},"type":"if","locations":[{"start":{"line":182,"column":8},"end":{"line":184,"column":9}},{"start":{"line":182,"column":8},"end":{"line":184,"column":9}}],"line":182},"19":{"loc":{"start":{"line":196,"column":8},"end":{"line":198,"column":9}},"type":"if","locations":[{"start":{"line":196,"column":8},"end":{"line":198,"column":9}},{"start":{"line":196,"column":8},"end":{"line":198,"column":9}}],"line":196},"20":{"loc":{"start":{"line":211,"column":23},"end":{"line":211,"column":94}},"type":"cond-expr","locations":[{"start":{"line":211,"column":40},"end":{"line":211,"column":87}},{"start":{"line":211,"column":90},"end":{"line":211,"column":94}}],"line":211},"21":{"loc":{"start":{"line":213,"column":23},"end":{"line":213,"column":96}},"type":"cond-expr","locations":[{"start":{"line":213,"column":41},"end":{"line":213,"column":89}},{"start":{"line":213,"column":92},"end":{"line":213,"column":96}}],"line":213},"22":{"loc":{"start":{"line":226,"column":8},"end":{"line":228,"column":9}},"type":"if","locations":[{"start":{"line":226,"column":8},"end":{"line":228,"column":9}},{"start":{"line":226,"column":8},"end":{"line":228,"column":9}}],"line":226}},"s":{"0":102,"1":44,"2":58,"3":58,"4":44,"5":51,"6":51,"7":22,"8":13,"9":13,"10":9,"11":29,"12":14,"13":14,"14":15,"15":24,"16":3,"17":3,"18":23,"19":0,"20":0,"21":0,"22":0,"23":0,"24":0,"25":0,"26":0,"27":0,"28":0,"29":0,"30":0,"31":0,"32":0,"33":0,"34":4,"35":0,"36":0,"37":0,"38":0,"39":4,"40":3,"41":3,"42":3,"43":3,"44":1,"45":1,"46":1,"47":0,"48":0,"49":0,"50":0,"51":0,"52":0,"53":0,"54":0,"55":0,"56":0,"57":0,"58":0,"59":0,"60":0,"61":0,"62":0,"63":0,"64":0,"65":19,"66":19,"67":19,"68":19,"69":19,"70":1,"71":0,"72":1,"73":1,"74":1},"f":{"0":102,"1":58,"2":44,"3":51,"4":3,"5":0,"6":0,"7":0,"8":0,"9":4,"10":0,"11":0,"12":19,"13":1},"b":{"0":[44,58],"1":[22,29],"2":[13,9],"3":[14,15],"4":[3],"5":[0],"6":[0],"7":[0],"8":[0,0],"9":[0,0],"10":[0,4],"11":[0,0],"12":[3,1],"13":[3,0],"14":[1,0],"15":[1,0],"16":[0,0],"17":[0,0],"18":[0,0],"19":[0,0],"20":[8,11],"21":[8,11],"22":[0,1]},"_coverageSchema":"43e27e138ebf9cfc5966b082cf9a028302ed4184","hash":"fa6342479c3da7dc913933a53bc96bbcb115f410"}
,"C:\\Jatin\\Experiments\\ds-algo\\data-structures\\Trees\\BTreeNode.js": {"path":"C:\\Jatin\\Experiments\\ds-algo\\data-structures\\Trees\\BTreeNode.js","statementMap":{"0":{"start":{"line":3,"column":8},"end":{"line":5,"column":9}},"1":{"start":{"line":4,"column":12},"end":{"line":4,"column":74}},"2":{"start":{"line":6,"column":8},"end":{"line":6,"column":27}},"3":{"start":{"line":7,"column":8},"end":{"line":7,"column":31}},"4":{"start":{"line":8,"column":8},"end":{"line":8,"column":31}},"5":{"start":{"line":18,"column":8},"end":{"line":20,"column":9}},"6":{"start":{"line":19,"column":12},"end":{"line":19,"column":25}},"7":{"start":{"line":21,"column":8},"end":{"line":21,"column":20}}},"fnMap":{"0":{"name":"(anonymous_0)","decl":{"start":{"line":2,"column":4},"end":{"line":2,"column":5}},"loc":{"start":{"line":2,"column":23},"end":{"line":9,"column":5}},"line":2},"1":{"name":"(anonymous_1)","decl":{"start":{"line":17,"column":4},"end":{"line":17,"column":5}},"loc":{"start":{"line":17,"column":12},"end":{"line":22,"column":5}},"line":17}},"branchMap":{"0":{"loc":{"start":{"line":3,"column":8},"end":{"line":5,"column":9}},"type":"if","locations":[{"start":{"line":3,"column":8},"end":{"line":5,"column":9}},{"start":{"line":3,"column":8},"end":{"line":5,"column":9}}],"line":3},"1":{"loc":{"start":{"line":18,"column":8},"end":{"line":20,"column":9}},"type":"if","locations":[{"start":{"line":18,"column":8},"end":{"line":20,"column":9}},{"start":{"line":18,"column":8},"end":{"line":20,"column":9}}],"line":18},"2":{"loc":{"start":{"line":18,"column":11},"end":{"line":18,"column":34}},"type":"binary-expr","locations":[{"start":{"line":18,"column":11},"end":{"line":18,"column":20}},{"start":{"line":18,"column":24},"end":{"line":18,"column":34}}],"line":18}},"s":{"0":59,"1":0,"2":59,"3":59,"4":59,"5":1,"6":0,"7":1},"f":{"0":59,"1":1},"b":{"0":[0,59],"1":[0,1],"2":[1,1]},"_coverageSchema":"43e27e138ebf9cfc5966b082cf9a028302ed4184","hash":"71e209c2be13f7745c7fe6dd7c73081cc00c48ad"}
,"C:\\Jatin\\Experiments\\ds-algo\\utils\\index.js": {"path":"C:\\Jatin\\Experiments\\ds-algo\\utils\\index.js","statementMap":{"0":{"start":{"line":1,"column":36},"end":{"line":9,"column":1}},"1":{"start":{"line":2,"column":17},"end":{"line":2,"column":19}},"2":{"start":{"line":3,"column":4},"end":{"line":6,"column":5}},"3":{"start":{"line":3,"column":22},"end":{"line":3,"column":23}},"4":{"start":{"line":4,"column":30},"end":{"line":4,"column":61}},"5":{"start":{"line":5,"column":8},"end":{"line":5,"column":37}},"6":{"start":{"line":8,"column":4},"end":{"line":8,"column":18}}},"fnMap":{"0":{"name":"(anonymous_0)","decl":{"start":{"line":1,"column":36},"end":{"line":1,"column":37}},"loc":{"start":{"line":1,"column":48},"end":{"line":9,"column":1}},"line":1}},"branchMap":{},"s":{"0":2,"1":3,"2":3,"3":3,"4":20011,"5":20011,"6":3},"f":{"0":3},"b":{},"_coverageSchema":"43e27e138ebf9cfc5966b082cf9a028302ed4184","hash":"8e740a02919f457b13d730c168d1145a5ad4df22"}
}
