TN:
SF:C:\Jatin\Experiments\ds-algo\algorithms\sorting\BubbleSort.js
FN:8,BubbleSort
FNF:1
FNH:1
FNDA:5,BubbleSort
DA:20,5
DA:22,5
DA:24,22011
DA:29,202011056
DA:31,99692239
DA:32,99692239
DA:33,99692239
DA:38,5
LF:8
LH:8
BRDA:29,0,0,99692239
BRDA:29,0,1,102318817
BRF:2
BRH:2
end_of_record
TN:
SF:C:\Jatin\Experiments\ds-algo\algorithms\sorting\MergeSort.js
FN:9,MergeSort
FN:44,mergeArrays
FNF:2
FNH:2
FNDA:44032,MergeSort
FNDA:22013,mergeArrays
DA:21,44032
DA:23,44032
DA:24,22013
DA:26,22013
DA:27,22013
DA:29,22013
DA:31,22019
DA:47,22013
DA:48,22013
DA:49,22013
DA:50,22013
DA:52,309238
DA:53,271915
DA:54,143571
DA:55,143571
DA:57,128344
DA:58,128344
DA:60,37323
DA:61,21760
DA:62,21760
DA:64,15563
DA:65,15563
DA:70,22013
DA:74,1
LF:24
LH:24
BRDA:23,0,0,22013
BRDA:23,0,1,22019
BRDA:50,1,0,331251
BRDA:50,1,1,43773
BRDA:52,2,0,271915
BRDA:52,2,1,37323
BRDA:52,3,0,309238
BRDA:52,3,1,287478
BRDA:53,4,0,143571
BRDA:53,4,1,128344
BRDA:60,5,0,21760
BRDA:60,5,1,15563
BRF:12
BRH:12
end_of_record
TN:
SF:C:\Jatin\Experiments\ds-algo\algorithms\sorting\SelectionSort.js
FN:9,SelectionSort
FNF:1
FNH:1
FNDA:5,SelectionSort
DA:18,5
DA:23,22007
DA:24,22007
DA:25,22007
DA:26,201989045
DA:27,126125
DA:28,126125
DA:35,22007
DA:36,22007
DA:37,22007
DA:39,5
LF:11
LH:11
BRDA:26,0,0,126125
BRDA:26,0,1,201862920
BRF:2
BRH:2
end_of_record
TN:
SF:C:\Jatin\Experiments\ds-algo\algorithms\sorting\__tests__\SortingTestCases.js
FNF:0
FNH:0
DA:6,1
DA:14,1
LF:2
LH:2
BRF:0
BRH:0
end_of_record
TN:
SF:C:\Jatin\Experiments\ds-algo\algorithms\trees\BST\LevelOrder.js
FN:12,LevelOrderTraversal
FNF:1
FNH:1
FNDA:1,LevelOrderTraversal
DA:13,1
DA:15,1
DA:17,1
DA:20,1
DA:22,1
DA:23,9
DA:25,9
DA:26,4
DA:29,9
DA:30,4
DA:33,9
DA:36,1
LF:12
LH:12
BRDA:25,0,0,4
BRDA:25,0,1,5
BRDA:29,1,0,4
BRDA:29,1,1,5
BRF:4
BRH:4
end_of_record
TN:
SF:C:\Jatin\Experiments\ds-algo\data-structures\Queue\Queue.js
FN:7,(anonymous_0)
FN:16,(anonymous_1)
FN:22,(anonymous_2)
FN:31,(anonymous_3)
FN:35,(anonymous_4)
FN:43,(anonymous_5)
FNF:6
FNH:6
FNDA:6,(anonymous_0)
FNDA:30,(anonymous_1)
FNDA:16,(anonymous_2)
FNDA:22,(anonymous_3)
FNDA:11,(anonymous_4)
FNDA:1,(anonymous_5)
DA:9,6
DA:10,6
DA:11,6
DA:13,6
DA:17,30
DA:18,30
DA:19,30
DA:23,16
DA:24,0
DA:26,16
DA:27,16
DA:28,16
DA:32,22
DA:36,11
DA:37,0
DA:39,11
DA:44,1
LF:17
LH:15
BRDA:23,0,0,0
BRDA:23,0,1,16
BRDA:36,1,0,0
BRDA:36,1,1,11
BRF:4
BRH:2
end_of_record
TN:
SF:C:\Jatin\Experiments\ds-algo\data-structures\Trees\BSTree.js
FN:8,(anonymous_0)
FN:18,(anonymous_1)
FN:22,(anonymous_2)
FN:31,(anonymous_3)
FN:64,(anonymous_4)
FN:77,(anonymous_5)
FN:87,(anonymous_6)
FN:95,(anonymous_7)
FN:107,(anonymous_8)
FN:132,(anonymous_9)
FN:181,(anonymous_10)
FN:195,(anonymous_11)
FN:205,(anonymous_12)
FN:225,(anonymous_13)
FNF:14
FNH:8
FNDA:102,(anonymous_0)
FNDA:58,(anonymous_1)
FNDA:44,(anonymous_2)
FNDA:51,(anonymous_3)
FNDA:3,(anonymous_4)
FNDA:0,(anonymous_5)
FNDA:0,(anonymous_6)
FNDA:0,(anonymous_7)
FNDA:0,(anonymous_8)
FNDA:4,(anonymous_9)
FNDA:0,(anonymous_10)
FNDA:0,(anonymous_11)
FNDA:19,(anonymous_12)
FNDA:1,(anonymous_13)
DA:10,102
DA:11,44
DA:13,58
DA:19,58
DA:24,44
DA:34,51
DA:36,51
DA:38,22
DA:39,13
DA:40,13
DA:42,9
DA:47,29
DA:48,14
DA:49,14
DA:51,15
DA:54,24
DA:65,3
DA:66,23
DA:88,0
DA:90,0
DA:97,0
DA:98,0
DA:99,0
DA:101,0
DA:108,0
DA:109,0
DA:110,0
DA:111,0
DA:112,0
DA:114,0
DA:115,0
DA:116,0
DA:118,0
DA:136,4
DA:137,0
DA:138,0
DA:139,0
DA:142,0
DA:143,4
DA:144,3
DA:145,3
DA:146,3
DA:148,3
DA:151,1
DA:153,1
DA:155,1
DA:156,0
DA:158,0
DA:160,0
DA:162,0
DA:164,0
DA:165,0
DA:166,0
DA:167,0
DA:168,0
DA:169,0
DA:182,0
DA:183,0
DA:186,0
DA:187,0
DA:196,0
DA:197,0
DA:200,0
DA:201,0
DA:206,19
DA:209,19
DA:211,19
DA:213,19
DA:215,19
DA:226,1
DA:227,0
DA:230,1
DA:232,1
DA:233,1
LF:74
LH:36
BRDA:10,0,0,44
BRDA:10,0,1,58
BRDA:36,1,0,22
BRDA:36,1,1,29
BRDA:38,2,0,13
BRDA:38,2,1,9
BRDA:47,3,0,14
BRDA:47,3,1,15
BRDA:64,4,0,3
BRDA:87,5,0,0
BRDA:88,6,0,0
BRDA:95,7,0,0
BRDA:111,8,0,0
BRDA:111,8,1,0
BRDA:115,9,0,0
BRDA:115,9,1,0
BRDA:136,10,0,0
BRDA:136,10,1,4
BRDA:137,11,0,0
BRDA:137,11,1,0
BRDA:143,12,0,3
BRDA:143,12,1,1
BRDA:144,13,0,3
BRDA:144,13,1,0
BRDA:151,14,0,1
BRDA:151,14,1,0
BRDA:153,15,0,1
BRDA:153,15,1,0
BRDA:156,16,0,0
BRDA:156,16,1,0
BRDA:160,17,0,0
BRDA:160,17,1,0
BRDA:182,18,0,0
BRDA:182,18,1,0
BRDA:196,19,0,0
BRDA:196,19,1,0
BRDA:211,20,0,8
BRDA:211,20,1,11
BRDA:213,21,0,8
BRDA:213,21,1,11
BRDA:226,22,0,0
BRDA:226,22,1,1
BRF:42
BRH:20
end_of_record
TN:
SF:C:\Jatin\Experiments\ds-algo\data-structures\Trees\BTreeNode.js
FN:2,(anonymous_0)
FN:17,(anonymous_1)
FNF:2
FNH:2
FNDA:59,(anonymous_0)
FNDA:1,(anonymous_1)
DA:3,59
DA:4,0
DA:6,59
DA:7,59
DA:8,59
DA:18,1
DA:19,0
DA:21,1
LF:8
LH:6
BRDA:3,0,0,0
BRDA:3,0,1,59
BRDA:18,1,0,0
BRDA:18,1,1,1
BRDA:18,2,0,1
BRDA:18,2,1,1
BRF:6
BRH:4
end_of_record
TN:
SF:C:\Jatin\Experiments\ds-algo\utils\index.js
FN:1,(anonymous_0)
FNF:1
FNH:1
FNDA:3,(anonymous_0)
DA:1,2
DA:2,3
DA:3,3
DA:4,20011
DA:5,20011
DA:8,3
LF:6
LH:6
BRF:0
BRH:0
end_of_record
